RUN	DM.Framework.Sim	sim	1620837948841	 	3.5.1
USER	Users_4	START	1620837950599
USER	Users_1	START	1620837950599
USER	Users_3	START	1620837950599
USER	Users_2	START	1620837950599
REQUEST	Scen_2,Login	Login_0	1620837950633	1620837950633	KO	j.n.UnknownHostException: null
REQUEST	Scen_4,ChangeColumns,Login	request_0	1620837950633	1620837950633	KO	j.n.UnknownHostException: null
REQUEST	Scen_1,Login	Login_0	1620837950633	1620837950633	KO	j.n.UnknownHostException: null
REQUEST	Scen_3,Login	Login_0	1620837950633	1620837950633	KO	j.n.UnknownHostException: null
ERROR	request_1: Failed to build request: No attribute named 'p_csrf' is defined 	1620837950639
ERROR	Login_1: Failed to build request: No attribute named 'p_csrf' is defined 	1620837950639
ERROR	Login_1: Failed to build request: No attribute named 'p_csrf' is defined 	1620837950639
ERROR	Login_1: Failed to build request: No attribute named 'p_csrf' is defined 	1620837950639
REQUEST	Scen_4,ChangeColumns,Login	request_2	1620837950642	1620837950642	KO	j.n.UnknownHostException: null
ERROR	Login_2: Failed to build request: No attribute named 'p_csrf' is defined 	1620837950644
ERROR	request_3: Failed to build request: No attribute named 'p_csrf' is defined 	1620837950644
ERROR	Login_2: Failed to build request: No attribute named 'p_csrf' is defined 	1620837950644
ERROR	Login_2: Failed to build request: No attribute named 'p_csrf' is defined 	1620837950644
ERROR	Login_3: Failed to build request: No attribute named 'p_csrf' is defined 	1620837950644
ERROR	Login_3: Failed to build request: No attribute named 'p_csrf' is defined 	1620837950644
ERROR	Login_3: Failed to build request: No attribute named 'p_csrf' is defined 	1620837950644
ERROR	request_4: Failed to build request: No attribute named 'p_csrf' is defined 	1620837950644
ERROR	request_5: Failed to build request: No attribute named 'p_csrf' is defined 	1620837950645
ERROR	Login_4: Failed to build request: No attribute named 'p_csrf' is defined 	1620837950645
ERROR	Login_4: Failed to build request: No attribute named 'p_csrf' is defined 	1620837950645
ERROR	Login_4: Failed to build request: No attribute named 'p_csrf' is defined 	1620837950645
ERROR	Login_5: Failed to build request: No attribute named 'p_csrf' is defined 	1620837950645
ERROR	request_6: Failed to build request: No attribute named 'p_csrf' is defined 	1620837950645
ERROR	Login_5: Failed to build request: No attribute named 'p_csrf' is defined 	1620837950645
ERROR	Login_5: Failed to build request: No attribute named 'p_csrf' is defined 	1620837950645
ERROR	Login_6: Failed to build request: No attribute named 'p_csrf' is defined 	1620837950645
ERROR	request_7: Failed to build request: No attribute named 'p_csrf' is defined 	1620837950645
ERROR	Login_6: Failed to build request: No attribute named 'p_csrf' is defined 	1620837950645
ERROR	Login_6: Failed to build request: No attribute named 'p_csrf' is defined 	1620837950645
ERROR	Login_7: Failed to build request: No attribute named 'p_csrf' is defined 	1620837950645
ERROR	request_8: Failed to build request: No attribute named 'p_csrf' is defined 	1620837950645
ERROR	Login_7: Failed to build request: No attribute named 'p_csrf' is defined 	1620837950645
ERROR	Login_8: Failed to build request: No attribute named 'p_csrf' is defined 	1620837950645
ERROR	Login_7: Failed to build request: No attribute named 'p_csrf' is defined 	1620837950645
ERROR	request_9: Failed to build request: No attribute named 'p_csrf' is defined 	1620837950645
ERROR	Login_8: Failed to build request: No attribute named 'p_csrf' is defined 	1620837950645
ERROR	Login_9: Failed to build request: No attribute named 'p_csrf' is defined 	1620837950645
ERROR	Login_8: Failed to build request: No attribute named 'p_csrf' is defined 	1620837950645
ERROR	Login_9: Failed to build request: No attribute named 'p_csrf' is defined 	1620837950646
ERROR	request_10: Failed to build request: No attribute named 'p_csrf' is defined 	1620837950646
ERROR	Login_9: Failed to build request: No attribute named 'p_csrf' is defined 	1620837950646
ERROR	Login_10: Failed to build request: No attribute named 'p_csrf' is defined 	1620837950646
ERROR	Login_10: Failed to build request: No attribute named 'p_csrf' is defined 	1620837950646
ERROR	request_11: Failed to build request: No attribute named 'p_csrf' is defined 	1620837950646
ERROR	Login_11: Failed to build request: No attribute named 'p_csrf' is defined 	1620837950646
ERROR	Login_10: Failed to build request: No attribute named 'p_csrf' is defined 	1620837950646
ERROR	Login_11: Failed to build request: No attribute named 'p_csrf' is defined 	1620837950646
ERROR	request_12: Failed to build request: No attribute named 'p_csrf' is defined 	1620837950646
ERROR	Login_12: Failed to build request: No attribute named 'p_csrf' is defined 	1620837950646
ERROR	Login_11: Failed to build request: No attribute named 'p_csrf' is defined 	1620837950646
ERROR	Login_12: Failed to build request: No attribute named 'p_csrf' is defined 	1620837950646
ERROR	request_13: Failed to build request: No attribute named 'p_csrf' is defined 	1620837950646
ERROR	Login_13: Failed to build request: No attribute named 'p_csrf' is defined 	1620837950646
ERROR	Login_12: Failed to build request: No attribute named 'p_csrf' is defined 	1620837950646
ERROR	request_14: Failed to build request: No attribute named 'p_csrf' is defined 	1620837950646
ERROR	Login_13: Failed to build request: No attribute named 'p_csrf' is defined 	1620837950646
ERROR	Login_14: Failed to build request: No attribute named 'p_csrf' is defined 	1620837950646
ERROR	Login_13: Failed to build request: No attribute named 'p_csrf' is defined 	1620837950646
ERROR	Login_14: Failed to build request: No attribute named 'p_csrf' is defined 	1620837950646
ERROR	Login_16: Failed to build request: No attribute named 'p_csrf' is defined 	1620837950647
ERROR	request_15: Failed to build request: No attribute named 'p_csrf' is defined 	1620837950647
ERROR	Login_14: Failed to build request: No attribute named 'p_csrf' is defined 	1620837950647
ERROR	Login_16: Failed to build request: No attribute named 'p_csrf' is defined 	1620837950647
ERROR	request_16: Failed to build request: No attribute named 'p_csrf' is defined 	1620837950647
ERROR	Login_16: Failed to build request: No attribute named 'p_csrf' is defined 	1620837950647
GROUP	Scen_3,Login	1620837950607	1620837950647	1	KO
GROUP	Scen_1,Login	1620837950607	1620837950647	1	KO
GROUP	Scen_2,Login	1620837950607	1620837950647	1	KO
ERROR	request_17: Failed to build request: No attribute named 'p_csrf' is defined 	1620837950647
ERROR	request_0: Failed to build request: No attribute named 'p_csrf' is defined 	1620837950647
ERROR	request_18: Failed to build request: No attribute named 'p_csrf' is defined 	1620837950647
ERROR	request_1: Failed to build request: No attribute named 'p_csrf' is defined 	1620837950647
ERROR	request_0: Failed to build request: No attribute named 'p_csrf' is defined 	1620837950647
ERROR	request_0: Failed to build request: No attribute named 'p_csrf' is defined 	1620837950647
ERROR	request_19: Failed to build request: No attribute named 'p_csrf' is defined 	1620837950647
ERROR	request_2: Failed to build request: No attribute named 'p_csrf' is defined 	1620837950647
ERROR	request_1: Failed to build request: No attribute named 'p_csrf' is defined 	1620837950647
ERROR	request_1: Failed to build request: No attribute named 'p_csrf' is defined 	1620837950647
ERROR	request_20: Failed to build request: No attribute named 'p_csrf' is defined 	1620837950647
GROUP	Scen_4,ChangeColumns,Login	1620837950607	1620837950648	2	KO
ERROR	request_2: Failed to build request: No attribute named 'p_csrf' is defined 	1620837950648
ERROR	request_2: Failed to build request: No attribute named 'p_csrf' is defined 	1620837950648
ERROR	request_21: Failed to build request: No attribute named 'p_csrf' is defined 	1620837950648
REQUEST	Scen_3,FileBrowser	request_3	1620837950648	1620837950648	KO	j.n.UnknownHostException: null
ERROR	request_22: Failed to build request: No attribute named 'p_csrf' is defined 	1620837950648
ERROR	request_4: Failed to build request: No attribute named 'p_csrf' is defined 	1620837950648
REQUEST	Scen_1,FileBrowser	request_3	1620837950648	1620837950648	KO	j.n.UnknownHostException: null
ERROR	request_23: Failed to build request: No attribute named 'p_csrf' is defined 	1620837950648
REQUEST	Scen_2,FileBrowser	request_3	1620837950648	1620837950648	KO	j.n.UnknownHostException: null
ERROR	request_4: Failed to build request: No attribute named 'p_csrf' is defined 	1620837950648
ERROR	request_4: Failed to build request: No attribute named 'p_csrf' is defined 	1620837950648
ERROR	request_5: Failed to build request: No attribute named 'p_csrf' is defined 	1620837950648
ERROR	request_5: Failed to build request: No attribute named 'p_csrf' is defined 	1620837950648
ERROR	request_5: Failed to build request: No attribute named 'p_csrf' is defined 	1620837950648
ERROR	request_6: Failed to build request: No attribute named 'p_csrf' is defined 	1620837950648
REQUEST	Scen_4,ChangeColumns,OpenExportFile	request_24	1620837950648	1620837950648	KO	j.n.UnknownHostException: null
ERROR	request_6: Failed to build request: No attribute named 'p_csrf' is defined 	1620837950649
ERROR	request_25: Failed to build request: No attribute named 'p_csrf' is defined 	1620837950649
ERROR	request_7: Failed to build request: No attribute named 'p_csrf' is defined 	1620837950649
ERROR	request_6: Failed to build request: No attribute named 'p_csrf' is defined 	1620837950649
ERROR	request_7: Failed to build request: No attribute named 'p_csrf' is defined 	1620837950649
ERROR	request_26: Failed to build request: No attribute named 'p_csrf' is defined 	1620837950649
ERROR	request_8: Failed to build request: No attribute named 'p_csrf' is defined 	1620837950649
ERROR	request_8: Failed to build request: No attribute named 'p_csrf' is defined 	1620837950649
ERROR	request_27: Failed to build request: No attribute named 'p_csrf' is defined 	1620837950649
ERROR	request_9: Failed to build request: No attribute named 'p_csrf' is defined 	1620837950649
ERROR	request_7: Failed to build request: No attribute named 'p_csrf' is defined 	1620837950649
ERROR	request_28: Failed to build request: No attribute named 'p_csrf' is defined 	1620837950649
ERROR	request_8: Failed to build request: No attribute named 'p_csrf' is defined 	1620837950649
ERROR	request_9: Failed to build request: No attribute named 'p_csrf' is defined 	1620837950649
ERROR	request_10: Failed to build request: No attribute named 'p_csrf' is defined 	1620837950649
ERROR	request_29: Failed to build request: No attribute named 'p_csrf' is defined 	1620837950649
ERROR	request_9: Failed to build request: No attribute named 'p_csrf' is defined 	1620837950649
ERROR	request_11: Failed to build request: No attribute named 'p_csrf' is defined 	1620837950649
ERROR	request_10: Failed to build request: No attribute named 'p_csrf' is defined 	1620837950649
ERROR	request_10: Failed to build request: No attribute named 'p_csrf' is defined 	1620837950649
ERROR	request_30: Failed to build request: No attribute named 'p_csrf' is defined 	1620837950650
ERROR	request_12: Failed to build request: No attribute named 'p_csrf' is defined 	1620837950650
ERROR	request_11: Failed to build request: No attribute named 'p_csrf' is defined 	1620837950650
ERROR	request_11: Failed to build request: No attribute named 'p_csrf' is defined 	1620837950650
ERROR	request_13: Failed to build request: No attribute named 'p_csrf' is defined 	1620837950650
ERROR	request_31: Failed to build request: No attribute named 'p_csrf' is defined 	1620837950650
ERROR	request_12: Failed to build request: No attribute named 'p_csrf' is defined 	1620837950650
ERROR	request_12: Failed to build request: No attribute named 'p_csrf' is defined 	1620837950650
ERROR	request_14: Failed to build request: No attribute named 'p_csrf' is defined 	1620837950650
ERROR	request_13: Failed to build request: No attribute named 'p_csrf' is defined 	1620837950650
ERROR	request_13: Failed to build request: No attribute named 'p_csrf' is defined 	1620837950650
ERROR	request_32: Failed to build request: No attribute named 'p_csrf' is defined 	1620837950650
ERROR	request_15: Failed to build request: No attribute named 'p_csrf' is defined 	1620837950650
ERROR	request_14: Failed to build request: No attribute named 'p_csrf' is defined 	1620837950650
ERROR	request_33: Failed to build request: No attribute named 'p_csrf' is defined 	1620837950650
ERROR	request_14: Failed to build request: No attribute named 'p_csrf' is defined 	1620837950650
ERROR	request_34: Failed to build request: No attribute named 'p_csrf' is defined 	1620837950650
ERROR	request_17: Failed to build request: No attribute named 'p_csrf' is defined 	1620837950650
ERROR	request_15: Failed to build request: No attribute named 'p_csrf' is defined 	1620837950651
ERROR	request_15: Failed to build request: No attribute named 'p_csrf' is defined 	1620837950651
ERROR	request_35: Failed to build request: No attribute named 'p_csrf' is defined 	1620837950651
ERROR	request_18: Failed to build request: No attribute named 'p_csrf' is defined 	1620837950651
ERROR	request_17: Failed to build request: No attribute named 'p_csrf' is defined 	1620837950651
ERROR	request_17: Failed to build request: No attribute named 'p_csrf' is defined 	1620837950651
ERROR	request_36b: Failed to build request: No attribute named 'p_csrf' is defined 	1620837950651
ERROR	request_19: Failed to build request: No attribute named 'p_csrf' is defined 	1620837950651
ERROR	request_18: Failed to build request: No attribute named 'p_csrf' is defined 	1620837950651
ERROR	request_18: Failed to build request: No attribute named 'p_csrf' is defined 	1620837950651
GROUP	Scen_4,ChangeColumns,OpenExportFile,ArrangeColumns	1620837950651	1620837950651	0	KO
ERROR	request_38: Failed to build request: No attribute named 'p_csrf' is defined 	1620837950651
GROUP	Scen_3,FileBrowser	1620837950647	1620837950651	1	KO
ERROR	request_19: Failed to build request: No attribute named 'p_csrf' is defined 	1620837950651
ERROR	request_19: Failed to build request: No attribute named 'p_csrf' is defined 	1620837950651
ERROR	request_39: Failed to build request: No attribute named 'p_csrf' is defined 	1620837950651
GROUP	Scen_2,FileBrowser	1620837950647	1620837950651	1	KO
GROUP	Scen_1,FileBrowser	1620837950647	1620837950651	1	KO
ERROR	request_40: Failed to build request: No attribute named 'p_csrf' is defined 	1620837950651
ERROR	request_41: Failed to build request: No attribute named 'p_csrf' is defined 	1620837950652
ERROR	request_42: Failed to build request: No attribute named 'p_csrf' is defined 	1620837950652
ERROR	request_44: Failed to build request: No attribute named 'p_csrf' is defined 	1620837950652
ERROR	request_45: Failed to build request: No attribute named 'p_csrf' is defined 	1620837950652
ERROR	request_46: Failed to build request: No attribute named 'p_csrf' is defined 	1620837950652
GROUP	Scen_4,ChangeColumns,OpenExportFile	1620837950648	1620837950653	1	KO
ERROR	request_48: Failed to build request: No attribute named 'p_csrf' is defined 	1620837975658
ERROR	request_49: Failed to build request: No attribute named 'p_csrf' is defined 	1620837975659
ERROR	request_50: Failed to build request: No attribute named 'p_csrf' is defined 	1620837975659
ERROR	request_51: Failed to build request: No attribute named 'p_csrf' is defined 	1620837975659
ERROR	request_52: Failed to build request: No attribute named 'p_csrf' is defined 	1620837975660
ERROR	request_54: Failed to build request: No attribute named 'p_csrf' is defined 	1620837975660
ERROR	request_55: Failed to build request: No attribute named 'p_csrf' is defined 	1620837975660
ERROR	request_56: Failed to build request: No attribute named 'p_csrf' is defined 	1620837975661
ERROR	